0 info it worked if it ends with ok
1 verbose cli [ '/Users/janprasil/.nvm/versions/node/v6.9.2/bin/node',
1 verbose cli   '/Users/janprasil/.nvm/versions/node/v6.9.2/bin/npm',
1 verbose cli   'run',
1 verbose cli   'tut2' ]
2 info using npm@3.10.9
3 info using node@v6.9.2
4 verbose run-script [ 'pretut2', 'tut2', 'posttut2' ]
5 info lifecycle tutorial1@0.0.1~pretut2: tutorial1@0.0.1
6 silly lifecycle tutorial1@0.0.1~pretut2: no script for pretut2, continuing
7 info lifecycle tutorial1@0.0.1~tut2: tutorial1@0.0.1
8 verbose lifecycle tutorial1@0.0.1~tut2: unsafe-perm in lifecycle true
9 verbose lifecycle tutorial1@0.0.1~tut2: PATH: /Users/janprasil/.nvm/versions/node/v6.9.2/lib/node_modules/npm/bin/node-gyp-bin:/Users/janprasil/git/DDW-tutorials/node_modules/.bin:/Users/janprasil/.nvm/versions/node/v6.9.2/bin:/Users/janprasil/.yarn/bin:/usr/local/bin:/usr/bin:/bin:/usr/sbin:/sbin:/opt/X11/bin:/usr/local/share/dotnet:/Library/Frameworks/Mono.framework/Versions/Current/Commands:/Applications/Wireshark.app/Contents/MacOS
10 verbose lifecycle tutorial1@0.0.1~tut2: CWD: /Users/janprasil/git/DDW-tutorials
11 silly lifecycle tutorial1@0.0.1~tut2: Args: [ '-c',
11 silly lifecycle   './node_modules/babel-cli/bin/babel-node.js --presets node6 ./tutorial2/index.js' ]
12 silly lifecycle tutorial1@0.0.1~tut2: Returned: code: 1  signal: null
13 info lifecycle tutorial1@0.0.1~tut2: Failed to exec tut2 script
14 verbose stack Error: tutorial1@0.0.1 tut2: `./node_modules/babel-cli/bin/babel-node.js --presets node6 ./tutorial2/index.js`
14 verbose stack Exit status 1
14 verbose stack     at EventEmitter.<anonymous> (/Users/janprasil/.nvm/versions/node/v6.9.2/lib/node_modules/npm/lib/utils/lifecycle.js:255:16)
14 verbose stack     at emitTwo (events.js:106:13)
14 verbose stack     at EventEmitter.emit (events.js:191:7)
14 verbose stack     at ChildProcess.<anonymous> (/Users/janprasil/.nvm/versions/node/v6.9.2/lib/node_modules/npm/lib/utils/spawn.js:40:14)
14 verbose stack     at emitTwo (events.js:106:13)
14 verbose stack     at ChildProcess.emit (events.js:191:7)
14 verbose stack     at maybeClose (internal/child_process.js:877:16)
14 verbose stack     at Process.ChildProcess._handle.onexit (internal/child_process.js:226:5)
15 verbose pkgid tutorial1@0.0.1
16 verbose cwd /Users/janprasil/git/DDW-tutorials
17 error Darwin 16.0.0
18 error argv "/Users/janprasil/.nvm/versions/node/v6.9.2/bin/node" "/Users/janprasil/.nvm/versions/node/v6.9.2/bin/npm" "run" "tut2"
19 error node v6.9.2
20 error npm  v3.10.9
21 error code ELIFECYCLE
22 error tutorial1@0.0.1 tut2: `./node_modules/babel-cli/bin/babel-node.js --presets node6 ./tutorial2/index.js`
22 error Exit status 1
23 error Failed at the tutorial1@0.0.1 tut2 script './node_modules/babel-cli/bin/babel-node.js --presets node6 ./tutorial2/index.js'.
23 error Make sure you have the latest version of node.js and npm installed.
23 error If you do, this is most likely a problem with the tutorial1 package,
23 error not with npm itself.
23 error Tell the author that this fails on your system:
23 error     ./node_modules/babel-cli/bin/babel-node.js --presets node6 ./tutorial2/index.js
23 error You can get information on how to open an issue for this project with:
23 error     npm bugs tutorial1
23 error Or if that isn't available, you can get their info via:
23 error     npm owner ls tutorial1
23 error There is likely additional logging output above.
24 verbose exit [ 1, true ]
